# JRE version: OpenJDK Runtime Environment Microsoft-8035246 (17.0.8+7) (build 17.0.8+7-LTS)
# Java VM: OpenJDK 64-Bit Server VM Microsoft-8035246 (17.0.8+7-LTS, mixed mode, sharing, tiered, compressed oops, compressed class ptrs, g1 gc, windows-amd64)
GC Precious Log:
 CPUs: 12 total, 12 available
 Memory: 7502M
 Large Page Support: Disabled
 NUMA Support: Disabled
 Compressed Oops: Enabled (32-bit)
 Heap Region Size: 1M
 Heap Min Capacity: 8M
 Heap Initial Capacity: 118M
 Heap Max Capacity: 2G
 Pre-touch: Disabled
 Parallel Workers: 10
 Concurrent Workers: 3
 Concurrent Refinement Workers: 10
 Periodic GC: Disabled
Heap:
 garbage-first heap   total 336896K, used 225827K [0x0000000080000000, 0x0000000100000000)
  region size 1024K, 25 young (25600K), 5 survivors (5120K)
 Metaspace       used 108679K, committed 109824K, reserved 557056K
  class space    used 15234K, committed 15744K, reserved 425984K
GC Heap History (20 events):
Event: 51.077 GC heap before
{Heap before GC invocations=44 (full 0):
 garbage-first heap   total 168960K, used 94543K [0x0000000080000000, 0x0000000100000000)
  region size 1024K, 8 young (8192K), 4 survivors (4096K)
 Metaspace       used 81933K, committed 82688K, reserved 557056K
  class space    used 11504K, committed 11840K, reserved 425984K
}
Event: 51.082 GC heap after
{Heap after GC invocations=45 (full 0):
 garbage-first heap   total 168960K, used 91861K [0x0000000080000000, 0x0000000100000000)
  region size 1024K, 1 young (1024K), 1 survivors (1024K)
 Metaspace       used 81933K, committed 82688K, reserved 557056K
  class space    used 11504K, committed 11840K, reserved 425984K
}
Event: 57.388 GC heap before
{Heap before GC invocations=45 (full 0):
 garbage-first heap   total 168960K, used 136917K [0x0000000080000000, 0x0000000100000000)
  region size 1024K, 45 young (46080K), 1 survivors (1024K)
 Metaspace       used 82312K, committed 83136K, reserved 557056K
  class space    used 11550K, committed 11968K, reserved 425984K
}
Event: 57.393 GC heap after
{Heap after GC invocations=46 (full 0):
 garbage-first heap   total 336896K, used 95208K [0x0000000080000000, 0x0000000100000000)
  region size 1024K, 5 young (5120K), 5 survivors (5120K)
 Metaspace       used 82312K, committed 83136K, reserved 557056K
  class space    used 11550K, committed 11968K, reserved 425984K
}
Event: 59.847 GC heap before
{Heap before GC invocations=46 (full 0):
 garbage-first heap   total 336896K, used 234472K [0x0000000080000000, 0x0000000100000000)
  region size 1024K, 140 young (143360K), 5 survivors (5120K)
 Metaspace       used 90503K, committed 91392K, reserved 557056K
  class space    used 12868K, committed 13312K, reserved 425984K
}
Event: 59.857 GC heap after
{Heap after GC invocations=47 (full 0):
 garbage-first heap   total 336896K, used 101917K [0x0000000080000000, 0x0000000100000000)
  region size 1024K, 11 young (11264K), 11 survivors (11264K)
 Metaspace       used 90503K, committed 91392K, reserved 557056K
  class space    used 12868K, committed 13312K, reserved 425984K
}
Event: 62.833 GC heap before
{Heap before GC invocations=47 (full 0):
 garbage-first heap   total 336896K, used 266781K [0x0000000080000000, 0x0000000100000000)
  region size 1024K, 166 young (169984K), 11 survivors (11264K)
 Metaspace       used 94407K, committed 95424K, reserved 557056K
  class space    used 13394K, committed 13888K, reserved 425984K
}
Event: 62.899 GC heap after
{Heap after GC invocations=48 (full 0):
 garbage-first heap   total 336896K, used 132022K [0x0000000080000000, 0x0000000100000000)
  region size 1024K, 21 young (21504K), 21 survivors (21504K)
 Metaspace       used 94407K, committed 95424K, reserved 557056K
  class space    used 13394K, committed 13888K, reserved 425984K
}
Event: 64.541 GC heap before
{Heap before GC invocations=48 (full 0):
 garbage-first heap   total 336896K, used 261046K [0x0000000080000000, 0x0000000100000000)
  region size 1024K, 147 young (150528K), 21 survivors (21504K)
 Metaspace       used 100644K, committed 101760K, reserved 557056K
  class space    used 14268K, committed 14784K, reserved 425984K
}
Event: 64.563 GC heap after
{Heap after GC invocations=49 (full 0):
 garbage-first heap   total 336896K, used 143687K [0x0000000080000000, 0x0000000100000000)
  region size 1024K, 11 young (11264K), 11 survivors (11264K)
 Metaspace       used 100644K, committed 101760K, reserved 557056K
  class space    used 14268K, committed 14784K, reserved 425984K
}
Event: 65.829 GC heap before
{Heap before GC invocations=49 (full 0):
 garbage-first heap   total 336896K, used 266567K [0x0000000080000000, 0x0000000100000000)
  region size 1024K, 130 young (133120K), 11 survivors (11264K)
 Metaspace       used 101454K, committed 102592K, reserved 557056K
  class space    used 14346K, committed 14848K, reserved 425984K
}
Event: 65.852 GC heap after
{Heap after GC invocations=50 (full 0):
 garbage-first heap   total 336896K, used 165888K [0x0000000080000000, 0x0000000100000000)
  region size 1024K, 17 young (17408K), 17 survivors (17408K)
 Metaspace       used 101454K, committed 102592K, reserved 557056K
  class space    used 14346K, committed 14848K, reserved 425984K
}
Event: 67.556 GC heap before
{Heap before GC invocations=50 (full 0):
 garbage-first heap   total 336896K, used 267264K [0x0000000080000000, 0x0000000100000000)
  region size 1024K, 114 young (116736K), 17 survivors (17408K)
 Metaspace       used 104572K, committed 105728K, reserved 557056K
  class space    used 14806K, committed 15296K, reserved 425984K
}
Event: 67.576 GC heap after
{Heap after GC invocations=51 (full 0):
 garbage-first heap   total 336896K, used 183878K [0x0000000080000000, 0x0000000100000000)
  region size 1024K, 15 young (15360K), 15 survivors (15360K)
 Metaspace       used 104572K, committed 105728K, reserved 557056K
  class space    used 14806K, committed 15296K, reserved 425984K
}
Event: 69.136 GC heap before
{Heap before GC invocations=51 (full 0):
 garbage-first heap   total 336896K, used 267846K [0x0000000080000000, 0x0000000100000000)
  region size 1024K, 97 young (99328K), 15 survivors (15360K)
 Metaspace       used 107855K, committed 108992K, reserved 557056K
  class space    used 15149K, committed 15616K, reserved 425984K
}
Event: 69.153 GC heap after
{Heap after GC invocations=52 (full 0):
 garbage-first heap   total 336896K, used 195070K [0x0000000080000000, 0x0000000100000000)
  region size 1024K, 11 young (11264K), 11 survivors (11264K)
 Metaspace       used 107855K, committed 108992K, reserved 557056K
  class space    used 15149K, committed 15616K, reserved 425984K
}
Event: 69.960 GC heap before
{Heap before GC invocations=52 (full 0):
 garbage-first heap   total 336896K, used 270846K [0x0000000080000000, 0x0000000100000000)
  region size 1024K, 86 young (88064K), 11 survivors (11264K)
 Metaspace       used 108390K, committed 109568K, reserved 557056K
  class space    used 15200K, committed 15744K, reserved 425984K
}
Event: 69.974 GC heap after
{Heap after GC invocations=53 (full 0):
 garbage-first heap   total 336896K, used 201982K [0x0000000080000000, 0x0000000100000000)
  region size 1024K, 7 young (7168K), 7 survivors (7168K)
 Metaspace       used 108390K, committed 109568K, reserved 557056K
  class space    used 15200K, committed 15744K, reserved 425984K
}
Event: 70.818 GC heap before
{Heap before GC invocations=53 (full 0):
 garbage-first heap   total 336896K, used 274686K [0x0000000080000000, 0x0000000100000000)
  region size 1024K, 79 young (80896K), 7 survivors (7168K)
 Metaspace       used 108669K, committed 109824K, reserved 557056K
  class space    used 15234K, committed 15744K, reserved 425984K
}
Event: 70.828 GC heap after
{Heap after GC invocations=54 (full 0):
 garbage-first heap   total 336896K, used 206371K [0x0000000080000000, 0x0000000100000000)
  region size 1024K, 5 young (5120K), 5 survivors (5120K)
 Metaspace       used 108669K, committed 109824K, reserved 557056K
  class space    used 15234K, committed 15744K, reserved 425984K
}

